<?xml version="1.0" encoding="UTF-8"?>
<testsuite xmlns:xsi="http://www.w3.org/2001/XMLSchema-instance" xsi:noNamespaceSchemaLocation="https://maven.apache.org/surefire/maven-surefire-plugin/xsd/surefire-test-report.xsd" version="3.0.1" name="com.mycompany.app.ProgramTest" time="0.425" tests="19" errors="0" skipped="0" failures="0">
  <properties>
[...]
</properties>
  <testcase name="testCheckStateOWinVertical" classname="com.mycompany.app.ProgramTest" time="0.024"/>
  <testcase name="testMultipleBestMovesRandomSelection" classname="com.mycompany.app.ProgramTest" time="0.048">
    <system-out><![CDATA[
minimax:   2(-100) 
minimax:   3(-100) 
minimax:   4(-100) 
minimax:   5(0) 
minimax:   6(-100) 
minimax:   7(-100) 
minimax:   8(-100) 
minimax:   9(-100) 
minimax best:   5(0) Steps counted: 31972
minimax:   2(-100) 
minimax:   3(-100) 
minimax:   4(-100) 
minimax:   5(0) 
minimax:   6(-100) 
minimax:   7(-100) 
minimax:   8(-100) 
minimax:   9(-100) 
minimax best:   5(0) Steps counted: 31972
minimax:   2(-100) 
minimax:   3(-100) 
minimax:   4(-100) 
minimax:   5(0) 
minimax:   6(-100) 
minimax:   7(-100) 
minimax:   8(-100) 
minimax:   9(-100) 
minimax best:   5(0) Steps counted: 31972
minimax:   2(-100) 
minimax:   3(-100) 
minimax:   4(-100) 
minimax:   5(0) 
minimax:   6(-100) 
minimax:   7(-100) 
minimax:   8(-100) 
minimax:   9(-100) 
minimax best:   5(0) Steps counted: 31972
minimax:   2(-100) 
minimax:   3(-100) 
minimax:   4(-100) 
minimax:   5(0) 
minimax:   6(-100) 
minimax:   7(-100) 
minimax:   8(-100) 
minimax:   9(-100) 
minimax best:   5(0) Steps counted: 31972
minimax:   2(-100) 
minimax:   3(-100) 
minimax:   4(-100) 
minimax:   5(0) 
minimax:   6(-100) 
minimax:   7(-100) 
minimax:   8(-100) 
minimax:   9(-100) 
minimax best:   5(0) Steps counted: 31972
minimax:   2(-100) 
minimax:   3(-100) 
minimax:   4(-100) 
minimax:   5(0) 
minimax:   6(-100) 
minimax:   7(-100) 
minimax:   8(-100) 
minimax:   9(-100) 
minimax best:   5(0) Steps counted: 31972
minimax:   2(-100) 
minimax:   3(-100) 
minimax:   4(-100) 
minimax:   5(0) 
minimax:   6(-100) 
minimax:   7(-100) 
minimax:   8(-100) 
minimax:   9(-100) 
minimax best:   5(0) Steps counted: 31972
minimax:   2(-100) 
minimax:   3(-100) 
minimax:   4(-100) 
minimax:   5(0) 
minimax:   6(-100) 
minimax:   7(-100) 
minimax:   8(-100) 
minimax:   9(-100) 
minimax best:   5(0) Steps counted: 31972
minimax:   2(-100) 
minimax:   3(-100) 
minimax:   4(-100) 
minimax:   5(0) 
minimax:   6(-100) 
minimax:   7(-100) 
minimax:   8(-100) 
minimax:   9(-100) 
minimax best:   5(0) Steps counted: 31972]]></system-out>
  </testcase>
  <testcase name="testGenerateMovesAllEmptyCells" classname="com.mycompany.app.ProgramTest" time="0.001"/>
  <testcase name="testEvaluatePositionNotTerminal" classname="com.mycompany.app.ProgramTest" time="0.002"/>
  <testcase name="testMaxMoveWithOneMoveLeft" classname="com.mycompany.app.ProgramTest" time="0.0"/>
  <testcase name="testMiniMaxReturnsValidMove" classname="com.mycompany.app.ProgramTest" time="0.03">
    <system-out><![CDATA[
minimax:   1(0) 
minimax:   2(0) 
minimax:   3(0) 
minimax:   4(0) 
minimax:   5(0) 
minimax:   6(0) 
minimax:   7(0) 
minimax:   8(0) 
minimax:   9(0) 
minimax best:   2(0) Steps counted: 294777]]></system-out>
  </testcase>
  <testcase name="testCheckStateXWinVertical" classname="com.mycompany.app.ProgramTest" time="0.0"/>
  <testcase name="testMiniMaxBlocksFork" classname="com.mycompany.app.ProgramTest" time="0.001">
    <system-out><![CDATA[
minimax:   2(-100) 
minimax:   3(0) 
minimax:   4(-100) 
minimax:   6(-100) 
minimax:   7(0) 
minimax:   8(-100) 
minimax best:   3(0) Steps counted: 636]]></system-out>
  </testcase>
  <testcase name="testMiniMaxBlocksHuman" classname="com.mycompany.app.ProgramTest" time="0.0">
    <system-out><![CDATA[
minimax:   3(0) 
minimax:   4(-100) 
minimax:   6(-100) 
minimax:   7(-100) 
minimax:   8(-100) 
minimax:   9(-100) 
minimax best:   3(0) Steps counted: 477]]></system-out>
  </testcase>
  <testcase name="testTicTacToeCell" classname="com.mycompany.app.ProgramTest" time="0.071"/>
  <testcase name="testCheckStateOWinHorizontal" classname="com.mycompany.app.ProgramTest" time="0.001"/>
  <testcase name="testMinMoveWithOneMoveLeft" classname="com.mycompany.app.ProgramTest" time="0.002"/>
  <testcase name="testMinMoveOnEmptyBoard" classname="com.mycompany.app.ProgramTest" time="0.034"/>
  <testcase name="testMaxMoveOnEmptyBoard" classname="com.mycompany.app.ProgramTest" time="0.023"/>
  <testcase name="testCheckStateXWinDiagonal" classname="com.mycompany.app.ProgramTest" time="0.0"/>
  <testcase name="testCheckStateNoWinnerNotFull" classname="com.mycompany.app.ProgramTest" time="0.001"/>
  <testcase name="testGenerateMovesNoEmptyCells" classname="com.mycompany.app.ProgramTest" time="0.001"/>
  <testcase name="testPanelAndAction" classname="com.mycompany.app.ProgramTest" time="0.147">
    <system-out><![CDATA[
minimax:   2(-100) 
minimax:   3(-100) 
minimax:   4(-100) 
minimax:   5(0) 
minimax:   6(-100) 
minimax:   7(-100) 
minimax:   8(-100) 
minimax:   9(-100) 
minimax best:   5(0) Steps counted: 31972]]></system-out>
  </testcase>
  <testcase name="testCheckStateOWinDiagonal2" classname="com.mycompany.app.ProgramTest" time="0.001"/>
</testsuite>