<?xml version="1.0" encoding="UTF-8"?>
<testsuite xmlns:xsi="http://www.w3.org/2001/XMLSchema-instance" xsi:noNamespaceSchemaLocation="https://maven.apache.org/surefire/maven-surefire-plugin/xsd/surefire-test-report.xsd" version="3.0.1" name="com.mycompany.app.ProgramTest" time="0.289" tests="9" errors="0" skipped="0" failures="0">
  <properties>
[...]
</properties>
  <testcase name="cellStoresCoordinatesAndMarker" classname="com.mycompany.app.ProgramTest" time="0.076"/>
  <testcase name="panelProcessesHumanAndComputerMoves" classname="com.mycompany.app.ProgramTest" time="0.162">
    <system-out><![CDATA[
minimax:   2(-100) 
minimax:   3(-100) 
minimax:   4(-100) 
minimax:   5(0) 
minimax:   6(-100) 
minimax:   7(-100) 
minimax:   8(-100) 
minimax:   9(-100) 
minimax best:   5(0) Steps counted: 31972]]></system-out>
  </testcase>
  <testcase name="minimaxFindsImmediateWinningMoveForO" classname="com.mycompany.app.ProgramTest" time="0.001">
    <system-out><![CDATA[
minimax:   3(100) 
minimax:   6(0) 
minimax:   7(-100) 
minimax:   8(-100) 
minimax:   9(-100) 
minimax best:   3(100) Steps counted: 83]]></system-out>
  </testcase>
  <testcase name="utilityPrintMethodsExecute" classname="com.mycompany.app.ProgramTest" time="0.005">
    <system-out><![CDATA[
X-O-X-O-X-O-X-O-X-

1-2-3-4-5-6-7-8-9-

1-3-
]]></system-out>
  </testcase>
  <testcase name="returnsOnlEmptyPos" classname="com.mycompany.app.ProgramTest" time="0.001"/>
  <testcase name="minAndMaxMoveReturnScore" classname="com.mycompany.app.ProgramTest" time="0.001"/>
  <testcase name="checkStateDetectsWinsDrawAndPlaying" classname="com.mycompany.app.ProgramTest" time="0.003"/>
  <testcase name="gameInitializesWithEmptyBoardAndPlayers" classname="com.mycompany.app.ProgramTest" time="0.0"/>
  <testcase name="evaluatePositionReturnsExpectedScores" classname="com.mycompany.app.ProgramTest" time="0.001"/>
</testsuite>